
Showing logs for build [32msalaboy-products-service-master-k6mxz-2[0m stage [32mfrom-build-pack[0m and container [32mcredential-initializer[0m
{"level":"info","ts":1595863758.147056,"caller":"creds-init/main.go:44","msg":"Credentials initialized."}

Showing logs for build [32msalaboy-products-service-master-k6mxz-2[0m stage [32mfrom-build-pack[0m and container [32mworking-dir-initializer[0m

Showing logs for build [32msalaboy-products-service-master-k6mxz-2[0m stage [32mfrom-build-pack[0m and container [32mplace-tools[0m

Showing logs for build [32msalaboy-products-service-master-k6mxz-2[0m stage [32mfrom-build-pack[0m and container [32mstep-git-source-salaboy-products-service-master-k6mxz-77fzc[0m
{"level":"info","ts":1595863767.8669045,"caller":"git/git.go:105","msg":"Successfully cloned https://github.com/*******/products-service.git @ v0.0.2 in path /workspace/source"}
{"level":"warn","ts":1595863767.8670032,"caller":"git/git.go:152","msg":"Unexpected error: creating symlink: symlink /tekton/home/.ssh /root/.ssh: file exists"}
{"level":"info","ts":1595863767.908966,"caller":"git/git.go:133","msg":"Successfully initialized and updated submodules in path /workspace/source"}

Showing logs for build [32msalaboy-products-service-master-k6mxz-2[0m stage [32mfrom-build-pack[0m and container [32mstep-setup-builder-home[0m

Showing logs for build [32msalaboy-products-service-master-k6mxz-2[0m stage [32mfrom-build-pack[0m and container [32mstep-git-merge[0m
Using SHAs from PULL_REFS=master:0892a3a4726ba897aec482fa1651c7327b291a8a
WARNING: no SHAs to merge, falling back to initial cloned commit

Showing logs for build [32msalaboy-products-service-master-k6mxz-2[0m stage [32mfrom-build-pack[0m and container [32mstep-setup-jx-git-credentials[0m
Generated Git credentials file /workspace/xdg_config/git/credentials

Showing logs for build [32msalaboy-products-service-master-k6mxz-2[0m stage [32mfrom-build-pack[0m and container [32mstep-build-mvn-deploy[0m
Picked up _JAVA_OPTIONS: -XX:+UnlockExperimentalVMOptions -XX:+UseCGroupMemoryLimitForHeap -Dsun.zip.disableMemoryMapping=true -XX:+UseParallelGC -XX:MinHeapFreeRatio=5 -XX:MaxHeapFreeRatio=10 -XX:GCTimeRatio=4 -XX:AdaptiveSizePolicyWeight=90 -Xms10m -Xmx192m
OpenJDK 64-Bit Server VM warning: If the number of processors is expected to increase from one, then you should configure the number of parallel GC threads appropriately using -XX:ParallelGCThreads=N
[INFO] Scanning for projects...
[INFO] 
[INFO] ------------------< com.*******.lke:products-service >------------------
[INFO] Building My Simple App on LKE 0.0.2
[INFO] --------------------------------[ jar ]---------------------------------
[INFO] 
[INFO] --- maven-clean-plugin:3.1.0:clean (default-clean) @ products-service ---
[INFO] 
[INFO] --- maven-resources-plugin:3.1.0:resources (default-resources) @ products-service ---
[INFO] Using 'UTF-8' encoding to copy filtered resources.
[INFO] Copying 1 resource
[INFO] Copying 1 resource
[INFO] 
[INFO] --- maven-compiler-plugin:3.8.1:compile (default-compile) @ products-service ---
[INFO] Changes detected - recompiling the module!
[INFO] Compiling 1 source file to /workspace/source/target/classes
[INFO] 
[INFO] --- maven-resources-plugin:3.1.0:testResources (default-testResources) @ products-service ---
[INFO] Using 'UTF-8' encoding to copy filtered resources.
[INFO] skip non existing resourceDirectory /workspace/source/src/test/resources
[INFO] 
[INFO] --- maven-compiler-plugin:3.8.1:testCompile (default-testCompile) @ products-service ---
[INFO] Changes detected - recompiling the module!
[INFO] Compiling 1 source file to /workspace/source/target/test-classes
[INFO] 
[INFO] --- maven-surefire-plugin:3.0.0-M1:test (default-test) @ products-service ---
[INFO] 
[INFO] -------------------------------------------------------
[INFO]  T E S T S
[INFO] -------------------------------------------------------
[INFO] Running com.*******.lke.DemoApplicationTests
15:29:48.254 [main] DEBUG org.springframework.test.context.junit4.SpringJUnit4ClassRunner - SpringJUnit4ClassRunner constructor called with [class com.*******.lke.DemoApplicationTests]
15:29:48.260 [main] DEBUG org.springframework.test.context.BootstrapUtils - Instantiating CacheAwareContextLoaderDelegate from class [org.springframework.test.context.cache.DefaultCacheAwareContextLoaderDelegate]
15:29:48.271 [main] DEBUG org.springframework.test.context.BootstrapUtils - Instantiating BootstrapContext using constructor [public org.springframework.test.context.support.DefaultBootstrapContext(java.lang.Class,org.springframework.test.context.CacheAwareContextLoaderDelegate)]
15:29:48.292 [main] DEBUG org.springframework.test.context.BootstrapUtils - Instantiating TestContextBootstrapper for test class [com.*******.lke.DemoApplicationTests] from class [org.springframework.boot.test.context.SpringBootTestContextBootstrapper]
15:29:48.308 [main] INFO org.springframework.boot.test.context.SpringBootTestContextBootstrapper - Neither @ContextConfiguration nor @ContextHierarchy found for test class [com.*******.lke.DemoApplicationTests], using SpringBootContextLoader
15:29:48.355 [main] DEBUG org.springframework.test.context.support.AbstractContextLoader - Did not detect default resource location for test class [com.*******.lke.DemoApplicationTests]: class path resource [com/*******/lke/DemoApplicationTests-context.xml] does not exist
15:29:48.356 [main] DEBUG org.springframework.test.context.support.AbstractContextLoader - Did not detect default resource location for test class [com.*******.lke.DemoApplicationTests]: class path resource [com/*******/lke/DemoApplicationTestsContext.groovy] does not exist
15:29:48.356 [main] INFO org.springframework.test.context.support.AbstractContextLoader - Could not detect default resource locations for test class [com.*******.lke.DemoApplicationTests]: no resource found for suffixes {-context.xml, Context.groovy}.
15:29:48.358 [main] INFO org.springframework.test.context.support.AnnotationConfigContextLoaderUtils - Could not detect default configuration classes for test class [com.*******.lke.DemoApplicationTests]: DemoApplicationTests does not declare any static, non-private, non-final, nested classes annotated with @Configuration.
15:29:48.454 [main] DEBUG org.springframework.test.context.support.ActiveProfilesUtils - Could not find an 'annotation declaring class' for annotation type [org.springframework.test.context.ActiveProfiles] and class [com.*******.lke.DemoApplicationTests]
15:29:48.652 [main] DEBUG org.springframework.context.annotation.ClassPathScanningCandidateComponentProvider - Identified candidate component class: file [/workspace/source/target/classes/com/*******/lke/DemoApplication.class]
15:29:48.664 [main] INFO org.springframework.boot.test.context.SpringBootTestContextBootstrapper - Found @SpringBootConfiguration com.*******.lke.DemoApplication for test class com.*******.lke.DemoApplicationTests
15:29:48.887 [main] DEBUG org.springframework.boot.test.context.SpringBootTestContextBootstrapper - @TestExecutionListeners is not present for class [com.*******.lke.DemoApplicationTests]: using defaults.
15:29:48.888 [main] INFO org.springframework.boot.test.context.SpringBootTestContextBootstrapper - Loaded default TestExecutionListener class names from location [META-INF/spring.factories]: [org.springframework.boot.test.mock.mockito.MockitoTestExecutionListener, org.springframework.boot.test.mock.mockito.ResetMocksTestExecutionListener, org.springframework.boot.test.autoconfigure.restdocs.RestDocsTestExecutionListener, org.springframework.boot.test.autoconfigure.web.client.MockRestServiceServerResetTestExecutionListener, org.springframework.boot.test.autoconfigure.web.servlet.MockMvcPrintOnlyOnFailureTestExecutionListener, org.springframework.boot.test.autoconfigure.web.servlet.WebDriverTestExecutionListener, org.springframework.test.context.web.ServletTestExecutionListener, org.springframework.test.context.support.DirtiesContextBeforeModesTestExecutionListener, org.springframework.test.context.support.DependencyInjectionTestExecutionListener, org.springframework.test.context.support.DirtiesContextTestExecutionListener, org.springframework.test.context.transaction.TransactionalTestExecutionListener, org.springframework.test.context.jdbc.SqlScriptsTestExecutionListener]
15:29:48.961 [main] DEBUG org.springframework.boot.test.context.SpringBootTestContextBootstrapper - Skipping candidate TestExecutionListener [org.springframework.test.context.web.ServletTestExecutionListener] due to a missing dependency. Specify custom listener classes or make the default listener classes and their required dependencies available. Offending class: [javax/servlet/ServletContext]
15:29:48.963 [main] DEBUG org.springframework.boot.test.context.SpringBootTestContextBootstrapper - Skipping candidate TestExecutionListener [org.springframework.test.context.transaction.TransactionalTestExecutionListener] due to a missing dependency. Specify custom listener classes or make the default listener classes and their required dependencies available. Offending class: [org/springframework/transaction/TransactionDefinition]
15:29:48.965 [main] DEBUG org.springframework.boot.test.context.SpringBootTestContextBootstrapper - Skipping candidate TestExecutionListener [org.springframework.test.context.jdbc.SqlScriptsTestExecutionListener] due to a missing dependency. Specify custom listener classes or make the default listener classes and their required dependencies available. Offending class: [org/springframework/transaction/interceptor/TransactionAttribute]
15:29:48.966 [main] INFO org.springframework.boot.test.context.SpringBootTestContextBootstrapper - Using TestExecutionListeners: [org.springframework.test.context.support.DirtiesContextBeforeModesTestExecutionListener@3835c46, org.springframework.boot.test.mock.mockito.MockitoTestExecutionListener@1dde4cb2, org.springframework.boot.test.autoconfigure.SpringBootDependencyInjectionTestExecutionListener@7714e963, org.springframework.test.context.support.DirtiesContextTestExecutionListener@20ce78ec, org.springframework.boot.test.mock.mockito.ResetMocksTestExecutionListener@393671df, org.springframework.boot.test.autoconfigure.restdocs.RestDocsTestExecutionListener@56620197, org.springframework.boot.test.autoconfigure.web.client.MockRestServiceServerResetTestExecutionListener@6eda5c9, org.springframework.boot.test.autoconfigure.web.servlet.MockMvcPrintOnlyOnFailureTestExecutionListener@55b7a4e0, org.springframework.boot.test.autoconfigure.web.servlet.WebDriverTestExecutionListener@5f058f00]
15:29:48.969 [main] DEBUG org.springframework.test.annotation.ProfileValueUtils - Retrieved @ProfileValueSourceConfiguration [null] for test class [com.*******.lke.DemoApplicationTests]
15:29:48.970 [main] DEBUG org.springframework.test.annotation.ProfileValueUtils - Retrieved ProfileValueSource type [class org.springframework.test.annotation.SystemProfileValueSource] for class [com.*******.lke.DemoApplicationTests]
15:29:48.972 [main] DEBUG org.springframework.test.annotation.ProfileValueUtils - Retrieved @ProfileValueSourceConfiguration [null] for test class [com.*******.lke.DemoApplicationTests]
15:29:48.972 [main] DEBUG org.springframework.test.annotation.ProfileValueUtils - Retrieved ProfileValueSource type [class org.springframework.test.annotation.SystemProfileValueSource] for class [com.*******.lke.DemoApplicationTests]
15:29:48.973 [main] DEBUG org.springframework.test.annotation.ProfileValueUtils - Retrieved @ProfileValueSourceConfiguration [null] for test class [com.*******.lke.DemoApplicationTests]
15:29:48.974 [main] DEBUG org.springframework.test.annotation.ProfileValueUtils - Retrieved ProfileValueSource type [class org.springframework.test.annotation.SystemProfileValueSource] for class [com.*******.lke.DemoApplicationTests]
15:29:48.978 [main] DEBUG org.springframework.test.context.support.AbstractDirtiesContextTestExecutionListener - Before test class: context [DefaultTestContext@71809907 testClass = DemoApplicationTests, testInstance = [null], testMethod = [null], testException = [null], mergedContextConfiguration = [ReactiveWebMergedContextConfiguration@3ce1e309 testClass = DemoApplicationTests, locations = '{}', classes = '{class com.*******.lke.DemoApplication}', contextInitializerClasses = '[]', activeProfiles = '{}', propertySourceLocations = '{}', propertySourceProperties = '{org.springframework.boot.test.context.SpringBootTestContextBootstrapper=true}', contextCustomizers = set[org.springframework.boot.test.context.filter.ExcludeFilterContextCustomizer@27a8c74e, org.springframework.boot.test.json.DuplicateJsonObjectContextCustomizerFactory$DuplicateJsonObjectContextCustomizer@646d64ab, org.springframework.boot.test.mock.mockito.MockitoContextCustomizer@0, org.springframework.boot.test.web.client.TestRestTemplateContextCustomizer@2f943d71, org.springframework.boot.test.web.reactive.server.WebTestClientContextCustomizer@2a742aa2, org.springframework.boot.test.autoconfigure.properties.PropertyMappingContextCustomizer@0, org.springframework.boot.test.autoconfigure.web.servlet.WebDriverContextCustomizerFactory$Customizer@2c039ac6], contextLoader = 'org.springframework.boot.test.context.SpringBootContextLoader', parent = [null]], attributes = map[[empty]]], class annotated with @DirtiesContext [false] with mode [null].
15:29:48.981 [main] DEBUG org.springframework.test.annotation.ProfileValueUtils - Retrieved @ProfileValueSourceConfiguration [null] for test class [com.*******.lke.DemoApplicationTests]
15:29:48.982 [main] DEBUG org.springframework.test.annotation.ProfileValueUtils - Retrieved ProfileValueSource type [class org.springframework.test.annotation.SystemProfileValueSource] for class [com.*******.lke.DemoApplicationTests]
15:29:48.986 [main] DEBUG org.springframework.test.context.support.DependencyInjectionTestExecutionListener - Performing dependency injection for test context [[DefaultTestContext@71809907 testClass = DemoApplicationTests, testInstance = com.*******.lke.DemoApplicationTests@79924b, testMethod = [null], testException = [null], mergedContextConfiguration = [ReactiveWebMergedContextConfiguration@3ce1e309 testClass = DemoApplicationTests, locations = '{}', classes = '{class com.*******.lke.DemoApplication}', contextInitializerClasses = '[]', activeProfiles = '{}', propertySourceLocations = '{}', propertySourceProperties = '{org.springframework.boot.test.context.SpringBootTestContextBootstrapper=true}', contextCustomizers = set[org.springframework.boot.test.context.filter.ExcludeFilterContextCustomizer@27a8c74e, org.springframework.boot.test.json.DuplicateJsonObjectContextCustomizerFactory$DuplicateJsonObjectContextCustomizer@646d64ab, org.springframework.boot.test.mock.mockito.MockitoContextCustomizer@0, org.springframework.boot.test.web.client.TestRestTemplateContextCustomizer@2f943d71, org.springframework.boot.test.web.reactive.server.WebTestClientContextCustomizer@2a742aa2, org.springframework.boot.test.autoconfigure.properties.PropertyMappingContextCustomizer@0, org.springframework.boot.test.autoconfigure.web.servlet.WebDriverContextCustomizerFactory$Customizer@2c039ac6], contextLoader = 'org.springframework.boot.test.context.SpringBootContextLoader', parent = [null]], attributes = map[[empty]]]].
15:29:49.068 [main] DEBUG org.springframework.test.context.support.TestPropertySourceUtils - Adding inlined properties to environment: {spring.jmx.enabled=false, org.springframework.boot.test.context.SpringBootTestContextBootstrapper=true, server.port=-1}

  .   ____          _            __ _ _
 /\\ / ___'_ __ _ _(_)_ __  __ _ \ \ \ \
( ( )\___ | '_ | '_| | '_ \/ _` | \ \ \ \
 \\/  ___)| |_)| | | | | || (_| |  ) ) ) )
  '  |____| .__|_| |_|_| |_\__, | / / / /
 =========|_|==============|___/=/_/_/_/
 :: Spring Boot ::        (v2.1.9.RELEASE)

2020-07-27 15:29:49.764  INFO 72 --- [           main] com.*******.lke.DemoApplicationTests     : Starting DemoApplicationTests on *******-products-service-master-k6mxz-2-from-build-pack-2-xp27g with PID 72 (started by root in /workspace/source)
2020-07-27 15:29:49.766  INFO 72 --- [           main] com.*******.lke.DemoApplicationTests     : No active profile set, falling back to default profiles: default
2020-07-27 15:29:56.274  INFO 72 --- [           main] o.s.b.a.e.web.EndpointLinksResolver      : Exposing 2 endpoint(s) beneath base path '/actuator'
2020-07-27 15:29:58.252  INFO 72 --- [           main] com.*******.lke.DemoApplicationTests     : Started DemoApplicationTests in 9.177 seconds (JVM running for 10.978)
[INFO] Tests run: 1, Failures: 0, Errors: 0, Skipped: 0, Time elapsed: 10.797 s - in com.*******.lke.DemoApplicationTests
[INFO] 
[INFO] Results:
[INFO] 
[INFO] Tests run: 1, Failures: 0, Errors: 0, Skipped: 0
[INFO] 
[INFO] 
[INFO] --- maven-jar-plugin:3.1.2:jar (default-jar) @ products-service ---
[INFO] Building jar: /workspace/source/target/products-service-0.0.2.jar
[INFO] 
[INFO] --- spring-boot-maven-plugin:2.1.9.RELEASE:repackage (repackage) @ products-service ---
[INFO] Replacing main artifact with repackaged archive
[INFO] 
[INFO] --- maven-install-plugin:2.5.2:install (default-install) @ products-service ---
[INFO] Installing /workspace/source/target/products-service-0.0.2.jar to /home/jenkins/.mvnrepository/com/*******/lke/products-service/0.0.2/products-service-0.0.2.jar
[INFO] Installing /workspace/source/pom.xml to /home/jenkins/.mvnrepository/com/*******/lke/products-service/0.0.2/products-service-0.0.2.pom
[INFO] 
[INFO] --- maven-deploy-plugin:2.8.2:deploy (default-deploy) @ products-service ---
[INFO] Using alternate deployment repository local-nexus::default::http://nexus/repository/maven-releases/
[INFO] ------------------------------------------------------------------------
[INFO] BUILD SUCCESS
[INFO] ------------------------------------------------------------------------
[INFO] Total time:  37.917 s
[INFO] Finished at: 2020-07-27T15:30:10Z
[INFO] ------------------------------------------------------------------------

Showing logs for build [32msalaboy-products-service-master-k6mxz-2[0m stage [32mfrom-build-pack[0m and container [32mstep-build-skaffold-version[0m
v1.0.1

Showing logs for build [32msalaboy-products-service-master-k6mxz-2[0m stage [32mfrom-build-pack[0m and container [32mstep-build-container-build[0m
E0727 15:30:52.254653      11 aws_credentials.go:77] while getting AWS credentials NoCredentialProviders: no valid providers in chain. Deprecated.
	For verbose messaging see aws.Config.CredentialsChainVerboseErrors
[36mINFO[0m[0042] Using dockerignore file: /workspace/source/.dockerignore 
[36mINFO[0m[0042] Retrieving image manifest openjdk:8-jdk-slim 
[36mINFO[0m[0043] Retrieving image manifest openjdk:8-jdk-slim 
[36mINFO[0m[0044] Built cross stage deps: map[]                
[36mINFO[0m[0044] Retrieving image manifest openjdk:8-jdk-slim 
[36mINFO[0m[0045] Retrieving image manifest openjdk:8-jdk-slim 
[36mINFO[0m[0046] Executing 0 build triggers                   
[36mINFO[0m[0046] cmd: EXPOSE                                  
[36mINFO[0m[0046] Adding exposed port: 8080/tcp                
[36mINFO[0m[0046] Resolving srcs [pom.xml target/lib*]...      
[36mINFO[0m[0046] Checking for cached layer docker.io/todo/cache:eccd5e7c88a6c880e8a42f6ef41e249dc5abd85d19c057c879bc04440a16b929... 
[36mINFO[0m[0047] No cached layer found for cmd COPY pom.xml target/lib* /opt/lib/ 
[36mINFO[0m[0047] Resolving srcs [target/*.jar]...             
[36mINFO[0m[0047] Unpacking rootfs as cmd COPY pom.xml target/lib* /opt/lib/ requires it. 
[36mINFO[0m[0054] ENV PORT 8080                                
[36mINFO[0m[0054] No files changed in this command, skipping snapshotting. 
[36mINFO[0m[0054] ENV CLASSPATH /opt/lib                       
[36mINFO[0m[0054] No files changed in this command, skipping snapshotting. 
[36mINFO[0m[0054] EXPOSE 8080                                  
[36mINFO[0m[0054] cmd: EXPOSE                                  
[36mINFO[0m[0054] Adding exposed port: 8080/tcp                
[36mINFO[0m[0054] No files changed in this command, skipping snapshotting. 
[36mINFO[0m[0054] Resolving srcs [pom.xml target/lib*]...      
[36mINFO[0m[0054] COPY pom.xml target/lib* /opt/lib/           
[36mINFO[0m[0054] Resolving srcs [pom.xml target/lib*]...      
[36mINFO[0m[0054] Resolving 1 paths                            
[36mINFO[0m[0054] Taking snapshot of files...                  
[36mINFO[0m[0054] Pushing layer docker.io/todo/cache:eccd5e7c88a6c880e8a42f6ef41e249dc5abd85d19c057c879bc04440a16b929 to cache now 
[36mINFO[0m[0054] Resolving srcs [target/*.jar]...             
[36mINFO[0m[0054] COPY target/*.jar /opt/app.jar               
[36mINFO[0m[0054] Resolving srcs [target/*.jar]...             
[36mINFO[0m[0054] Resolving 1 paths                            
[36mINFO[0m[0054] Taking snapshot of files...                  
[36mINFO[0m[0055] Pushing layer docker.io/todo/cache:557a090e2afec748c2ea2f1aad074ecb60f677d26684639af2eb31c46bf213f5 to cache now 
[36mINFO[0m[0055] WORKDIR /opt                                 
[36mINFO[0m[0055] cmd: workdir                                 
[36mINFO[0m[0055] Changed working directory to /opt            
[36mINFO[0m[0055] No files changed in this command, skipping snapshotting. 
[36mINFO[0m[0055] CMD ["java", "-XX:+UnlockExperimentalVMOptions", "-XX:+UseCGroupMemoryLimitForHeap", "-jar", "app.jar"] 
[36mINFO[0m[0055] No files changed in this command, skipping snapshotting. 
[33mWARN[0m[0056] error uploading layer to cache: failed to push to destination docker.io/todo/cache:eccd5e7c88a6c880e8a42f6ef41e249dc5abd85d19c057c879bc04440a16b929: HEAD https://index.docker.io/v2/todo/cache/blobs/sha256:f8d9d16fb4e5692c569156d79d404c44b055cde258c716fbe07edcd8ee1a341c: unsupported status code 401 

Showing logs for build [32msalaboy-products-service-master-k6mxz-2[0m stage [32mfrom-build-pack[0m and container [32mstep-build-post-build[0m
no CVE provider running in the current ** namespace so skip adding image to be analysed

Showing logs for build [32msalaboy-products-service-master-k6mxz-2[0m stage [32mfrom-build-pack[0m and container [32mstep-promote-changelog[0m
Converted /workspace/source/charts/products-service to an unshallow repository
Generating change log from git ref e927f8301ff3397fb24c35a5edc8f6bec1ec432c => dc503ea1d27de4f8dffe86eba0c3b2d25a520636
WARNING: Failed to enrich commit 0892a3a4726ba897aec482fa1651c7327b291a8a with issues: selected more than one user from users.jenkins.io: [******* x-0]
WARNING: Failed to enrich commit 0892a3a4726ba897aec482fa1651c7327b291a8a with issues: selected more than one user from users.jenkins.io: [******* x-0]
Finding issues in commit messages using git format
WARNING: No release found for *******/products-service and tag v0.0.2 so creating a new release
Updated the release information at https://github.com/*******/products-service/releases/tag/v0.0.2
generated: /workspace/source/charts/products-service/templates/release.yaml
Created Release products-service-0-0-2 resource in namespace **
Updating PipelineActivity *******-products-service-master-2 with version 0.0.2
Updated PipelineActivities *******-products-service-master-2 with release notes URL: https://github.com/*******/products-service/releases/tag/v0.0.2

Showing logs for build [32msalaboy-products-service-master-k6mxz-2[0m stage [32mfrom-build-pack[0m and container [32mstep-promote-helm-release[0m
WARNING: No $CHART_REPOSITORY defined so using the default value of: http://jenkins-x-chartmuseum:8080
Adding missing Helm repo: storage.googleapis.com https://storage.googleapis.com/chartmuseum.jenkins-x.io
Successfully added Helm repository storage.googleapis.com.
Adding missing Helm repo: jenkins-x-chartmuseum http://jenkins-x-chartmuseum:8080
Successfully added Helm repository jenkins-x-chartmuseum.
WARNING: No $CHART_REPOSITORY defined so using the default value of: http://jenkins-x-chartmuseum:8080
Uploading chart file products-service-0.0.2.tgz to http://jenkins-x-chartmuseum:8080/api/charts
Received 201 response: {"saved":true}

Showing logs for build [32msalaboy-products-service-master-k6mxz-2[0m stage [32mfrom-build-pack[0m and container [32mstep-promote-jx-promote[0m
WARNING: prow based install so skip waiting for the merge of Pull Requests to go green as currently there is an issue with gettingstatuses from the PR, see https://github.com/jenkins-x/**/issues/2410
WARNING: No $CHART_REPOSITORY defined so using the default value of: http://jenkins-x-chartmuseum:8080
Promoting app products-service version 0.0.2 to namespace **-staging
Created Pull Request: https://github.com/*******/environment-**-*******-staging/pull/9
Added label updatebot to Pull Request https://github.com/*******/environment-**-*******-staging/pull/9
got git provider status pending from PR https://github.com/*******/environment-**-*******-staging/pull/9
got git provider status pending from PR https://github.com/*******/environment-**-*******-staging/pull/9
got git provider status pending from PR https://github.com/*******/environment-**-*******-staging/pull/9
Pull Request https://github.com/*******/environment-**-*******-staging/pull/9 is merged at sha 192fb6a82724ab7addbef0b5474008f243441436
Pull Request merged but we are not waiting for the update pipeline to complete!
